<?xml version="1.0" encoding="UTF-8"?>
<Site BuildName="Win32-make"
	BuildStamp="20230415-0317-Experimental"
	Name="Navigator"
	Generator="ctest-3.25.0-rc1"
	CompilerName="D:/Programming-Tools/llvm-mingw-20230320-ucrt-x86_64/bin/clang++.exe"
	CompilerVersion="16.0.0"
	OSName="Windows"
	Hostname="Navigator"
	OSRelease=" Personal"
	OSVersion=" (Build 22621)"
	OSPlatform="AMD64"
	Is64Bits="1"
	VendorString="GenuineIntel"
	VendorID="Intel Corporation"
	FamilyID="6"
	ModelID="10"
	ProcessorCacheSize="-1"
	NumberOfLogicalCPU="20"
	NumberOfPhysicalCPU="14"
	TotalVirtualMemory="26398"
	TotalPhysicalMemory="16124"
	LogicalProcessorsPerPhysical="1"
	ProcessorClockFrequency="2687"
	>
	<Testing>
		<StartDateTime>Apr 15 11:17 [NON-UTF-8-BYTE-0xD6]й[NON-UTF-8-BYTE-0xFA][NON-UTF-8-BYTE-0xB1][NON-UTF-8-BYTE-0xEA]׼ʱ[NON-UTF-8-BYTE-0xBC][NON-UTF-8-BYTE-0xE4]</StartDateTime>
		<StartTestTime>1681528638</StartTestTime>
		<TestList/>
		<EndDateTime>Apr 15 11:17 [NON-UTF-8-BYTE-0xD6]й[NON-UTF-8-BYTE-0xFA][NON-UTF-8-BYTE-0xB1][NON-UTF-8-BYTE-0xEA]׼ʱ[NON-UTF-8-BYTE-0xBC][NON-UTF-8-BYTE-0xE4]</EndDateTime>
		<EndTestTime>1681528638</EndTestTime>
		<ElapsedMinutes>0</ElapsedMinutes>
	</Testing>
</Site>
